[2018-05-24 08:21:48.944] [exthost1] [info] extension host started
[2018-05-24 08:21:49.001] [exthost1] [info] ExtensionService#_doActivateExtension vscode.emmet {"startup":true,"activationEvent":"*"}
[2018-05-24 08:21:49.001] [exthost1] [info] ExtensionService#loadCommonJSModule /usr/share/code/resources/app/extensions/emmet/out/extension
[2018-05-24 08:21:49.090] [exthost1] [info] ExtensionService#_doActivateExtension vscode.git {"startup":true,"activationEvent":"*"}
[2018-05-24 08:21:49.090] [exthost1] [info] ExtensionService#loadCommonJSModule /usr/share/code/resources/app/extensions/git/out/main
[2018-05-24 08:21:49.375] [exthost1] [info] ExtensionService#_doActivateExtension vscode.merge-conflict {"startup":true,"activationEvent":"*"}
[2018-05-24 08:21:49.375] [exthost1] [info] ExtensionService#loadCommonJSModule /usr/share/code/resources/app/extensions/merge-conflict/out/extension
[2018-05-24 08:21:49.391] [exthost1] [info] ExtensionService#_doActivateExtension CoenraadS.bracket-pair-colorizer {"startup":true,"activationEvent":"*"}
[2018-05-24 08:21:49.391] [exthost1] [info] ExtensionService#loadCommonJSModule /home/ndnhan132/.vscode/extensions/CoenraadS.bracket-pair-colorizer-1.0.55/out/src/extension
[2018-05-24 08:21:49.412] [exthost1] [info] ExtensionService#_doActivateExtension Equinusocio.vsc-material-theme {"startup":true,"activationEvent":"*"}
[2018-05-24 08:21:49.412] [exthost1] [info] ExtensionService#loadCommonJSModule /home/ndnhan132/.vscode/extensions/Equinusocio.vsc-material-theme-2.0.1/extensions/material.theme.config.js
[2018-05-24 08:21:49.422] [exthost1] [info] ExtensionService#_doActivateExtension HookyQR.beautify {"startup":true,"activationEvent":"*"}
[2018-05-24 08:21:49.422] [exthost1] [info] ExtensionService#loadCommonJSModule /home/ndnhan132/.vscode/extensions/HookyQR.beautify-1.3.0/extension
[2018-05-24 08:21:49.482] [exthost1] [info] ExtensionService#_doActivateExtension PKief.material-icon-theme {"startup":true,"activationEvent":"*"}
[2018-05-24 08:21:49.482] [exthost1] [info] ExtensionService#loadCommonJSModule /home/ndnhan132/.vscode/extensions/PKief.material-icon-theme-3.4.0/out/src/extension
[2018-05-24 08:21:49.542] [exthost1] [info] ExtensionService#_doActivateExtension Zignd.html-css-class-completion {"startup":true,"activationEvent":"*"}
[2018-05-24 08:21:49.542] [exthost1] [info] ExtensionService#loadCommonJSModule /home/ndnhan132/.vscode/extensions/Zignd.html-css-class-completion-1.17.1/out/src/extension
[2018-05-24 08:21:50.059] [exthost1] [info] ExtensionService#_doActivateExtension formulahendry.auto-close-tag {"startup":true,"activationEvent":"*"}
[2018-05-24 08:21:50.059] [exthost1] [info] ExtensionService#loadCommonJSModule /home/ndnhan132/.vscode/extensions/formulahendry.auto-close-tag-0.5.6/out/src/extension
[2018-05-24 08:21:50.061] [exthost1] [info] ExtensionService#_doActivateExtension formulahendry.auto-rename-tag {"startup":true,"activationEvent":"*"}
[2018-05-24 08:21:50.061] [exthost1] [info] ExtensionService#loadCommonJSModule /home/ndnhan132/.vscode/extensions/formulahendry.auto-rename-tag-0.0.15/out/src/extension
[2018-05-24 08:21:50.064] [exthost1] [info] ExtensionService#_doActivateExtension pranaygp.vscode-css-peek {"startup":true,"activationEvent":"*"}
[2018-05-24 08:21:50.064] [exthost1] [info] ExtensionService#loadCommonJSModule /home/ndnhan132/.vscode/extensions/pranaygp.vscode-css-peek-2.1.0/out/client/src/extension
[2018-05-24 08:21:50.125] [exthost1] [info] ExtensionService#_doActivateExtension ritwickdey.LiveServer {"startup":true,"activationEvent":"*"}
[2018-05-24 08:21:50.125] [exthost1] [info] ExtensionService#loadCommonJSModule /home/ndnhan132/.vscode/extensions/ritwickdey.liveserver-4.0.0/out/src/extension
[2018-05-24 08:21:50.400] [exthost1] [info] ExtensionService#_doActivateExtension streetsidesoftware.code-spell-checker {"startup":true,"activationEvent":"*"}
[2018-05-24 08:21:50.400] [exthost1] [info] ExtensionService#loadCommonJSModule /home/ndnhan132/.vscode/extensions/streetsidesoftware.code-spell-checker-1.6.10/out/src/extension
[2018-05-24 08:21:50.609] [exthost1] [info] eager extensions activated
[2018-05-24 09:27:19.381] [exthost1] [info] ExtensionService#_doActivateExtension vscode.configuration-editing {"startup":false,"activationEvent":"onLanguage:jsonc"}
[2018-05-24 09:27:19.381] [exthost1] [info] ExtensionService#loadCommonJSModule /usr/share/code/resources/app/extensions/configuration-editing/out/extension
[2018-05-24 09:27:19.399] [exthost1] [info] ExtensionService#_doActivateExtension vscode.json-language-features {"startup":false,"activationEvent":"onLanguage:jsonc"}
[2018-05-24 09:27:19.399] [exthost1] [info] ExtensionService#loadCommonJSModule /usr/share/code/resources/app/extensions/json-language-features/client/out/jsonMain
